0 info it worked if it ends with ok
1 verbose cli [ '/usr/local/Cellar/node/5.10.1/bin/node',
1 verbose cli   '/Users/tgordon/.node_modules_global/bin/npm',
1 verbose cli   'start' ]
2 info using npm@3.10.5
3 info using node@v5.10.1
4 verbose run-script [ 'prestart', 'start', 'poststart' ]
5 info lifecycle node-rest-auth@~prestart: node-rest-auth@
6 silly lifecycle node-rest-auth@~prestart: no script for prestart, continuing
7 info lifecycle node-rest-auth@~start: node-rest-auth@
8 verbose lifecycle node-rest-auth@~start: unsafe-perm in lifecycle true
9 verbose lifecycle node-rest-auth@~start: PATH: /Users/tgordon/.node_modules_global/lib/node_modules/npm/bin/node-gyp-bin:/Users/tgordon/Documents/insta/integration-app-heroku-copy/node_modules/.bin:/usr/local/Cellar/node/5.10.1/bin:/Users/tgordon/.node_modules_global/bin:/usr/local/bin:/usr/bin:/bin:/usr/sbin:/sbin
10 verbose lifecycle node-rest-auth@~start: CWD: /Users/tgordon/Documents/insta/integration-app-heroku-copy
11 silly lifecycle node-rest-auth@~start: Args: [ '-c', 'node server.js' ]
12 silly lifecycle node-rest-auth@~start: Returned: code: 1  signal: null
13 info lifecycle node-rest-auth@~start: Failed to exec start script
14 verbose stack Error: node-rest-auth@ start: `node server.js`
14 verbose stack Exit status 1
14 verbose stack     at EventEmitter.<anonymous> (/Users/tgordon/.node_modules_global/lib/node_modules/npm/lib/utils/lifecycle.js:242:16)
14 verbose stack     at emitTwo (events.js:100:13)
14 verbose stack     at EventEmitter.emit (events.js:185:7)
14 verbose stack     at ChildProcess.<anonymous> (/Users/tgordon/.node_modules_global/lib/node_modules/npm/lib/utils/spawn.js:40:14)
14 verbose stack     at emitTwo (events.js:100:13)
14 verbose stack     at ChildProcess.emit (events.js:185:7)
14 verbose stack     at maybeClose (internal/child_process.js:850:16)
14 verbose stack     at Process.ChildProcess._handle.onexit (internal/child_process.js:215:5)
15 verbose pkgid node-rest-auth@
16 verbose cwd /Users/tgordon/Documents/insta/integration-app-heroku-copy
17 error Darwin 15.4.0
18 error argv "/usr/local/Cellar/node/5.10.1/bin/node" "/Users/tgordon/.node_modules_global/bin/npm" "start"
19 error node v5.10.1
20 error npm  v3.10.5
21 error code ELIFECYCLE
22 error node-rest-auth@ start: `node server.js`
22 error Exit status 1
23 error Failed at the node-rest-auth@ start script 'node server.js'.
23 error Make sure you have the latest version of node.js and npm installed.
23 error If you do, this is most likely a problem with the node-rest-auth package,
23 error not with npm itself.
23 error Tell the author that this fails on your system:
23 error     node server.js
23 error You can get information on how to open an issue for this project with:
23 error     npm bugs node-rest-auth
23 error Or if that isn't available, you can get their info via:
23 error     npm owner ls node-rest-auth
23 error There is likely additional logging output above.
24 verbose exit [ 1, true ]
